Using pre-set license
Desktop is 1920 x 1080 @ 60 Hz

 COMMAND LINE ARGUMENTS:
Unity
-adb2
-batchMode
-noUpm
-name
AssetImportWorker0
-projectPath
/home/variablename/Unity/Projects/COP4331C-Group-5/Project
-logFile
Logs/AssetImportWorker0.log
-srvPort
37159
Successfully changed project path to: /home/variablename/Unity/Projects/COP4331C-Group-5/Project
/home/variablename/Unity/Projects/COP4331C-Group-5/Project
Using Asset Import Pipeline V2.
Refreshing native plugins compatible for Editor in 38.19 ms, found 1 plugins.
Preloading 0 native plugins for Editor in 0.00 ms.
Initialize engine version: 2020.2.6f1 (8a2143876886)
[Subsystems] Discovering subsystems at path /home/variablename/Unity/Hub/Editor/2020.2.6f1/Editor/Data/Resources/UnitySubsystems
[Subsystems] Discovering subsystems at path /home/variablename/Unity/Projects/COP4331C-Group-5/Project/Assets
GLX Extensions: GLX_ARB_create_context GLX_ARB_create_context_no_error GLX_ARB_create_context_profile GLX_ARB_create_context_robustness GLX_ARB_fbconfig_float GLX_ARB_framebuffer_sRGB GLX_ARB_get_proc_address GLX_ARB_multisample GLX_EXT_buffer_age GLX_EXT_create_context_es2_profile GLX_EXT_create_context_es_profile GLX_EXT_fbconfig_packed_float GLX_EXT_framebuffer_sRGB GLX_EXT_import_context GLX_EXT_swap_control GLX_EXT_swap_control_tear GLX_EXT_texture_from_pixmap GLX_EXT_visual_info GLX_EXT_visual_rating GLX_INTEL_swap_event GLX_MESA_copy_sub_buffer GLX_MESA_query_renderer GLX_MESA_swap_control GLX_OML_swap_method GLX_OML_sync_control GLX_SGIS_multisample GLX_SGIX_fbconfig GLX_SGIX_pbuffer GLX_SGIX_visual_select_group GLX_SGI_make_current_read GLX_SGI_swap_control GLX_SGI_video_sync 
Renderer: Mesa Intel(R) HD Graphics 630 (KBL GT2)
Vendor:   Intel
Version:  4.6 (Core Profile) Mesa 20.3.4
GLES:     0
 GL_3DFX_texture_compression_FXT1 GL_AMD_conservative_depth GL_AMD_depth_clamp_separate GL_AMD_draw_buffers_blend GL_AMD_gpu_shader_int64 GL_AMD_multi_draw_indirect GL_AMD_performance_monitor GL_AMD_pinned_memory GL_AMD_query_buffer_object GL_AMD_seamless_cubemap_per_texture GL_AMD_shader_stencil_export GL_AMD_shader_trinary_minmax GL_AMD_texture_texture4 GL_AMD_vertex_shader_layer GL_AMD_vertex_shader_viewport_index GL_ANGLE_texture_compression_dxt3 GL_ANGLE_texture_compression_dxt5 GL_ARB_ES2_compatibility GL_ARB_ES3_1_compatibility GL_ARB_ES3_2_compatibility GL_ARB_ES3_compatibility GL_ARB_arrays_of_arrays GL_ARB_base_instance GL_ARB_blend_func_extended GL_ARB_buffer_storage GL_ARB_clear_buffer_object GL_ARB_clear_texture GL_ARB_clip_control GL_ARB_compressed_texture_pixel_storage GL_ARB_compute_shader GL_ARB_compute_variable_group_size GL_ARB_conditional_render_inverted GL_ARB_conservative_depth GL_ARB_copy_buffer GL_ARB_copy_image GL_ARB_cull_distance GL_ARB_debug_output GL_ARB_depth_buffer_float GL_ARB
_depth_clamp GL_ARB_derivative_control GL_ARB_direct_state_access GL_ARB_draw_buffers GL_ARB_draw_buffers_blend GL_ARB_draw_elements_base_vertex GL_ARB_draw_indirect GL_ARB_draw_instanced GL_ARB_enhanced_layouts GL_ARB_explicit_attrib_location GL_ARB_explicit_uniform_location GL_ARB_fragment_coord_conventions GL_ARB_fragment_layer_viewport GL_ARB_fragment_shader GL_ARB_fragment_shader_interlock GL_ARB_framebuffer_no_attachments GL_ARB_framebuffer_object GL_ARB_framebuffer_sRGB GL_ARB_get_program_binary GL_ARB_get_texture_sub_image GL_ARB_gl_spirv GL_ARB_gpu_shader5 GL_ARB_gpu_shader_fp64 GL_ARB_gpu_shader_int64 GL_ARB_half_float_pixel GL_ARB_half_float_vertex GL_ARB_indirect_parameters GL_ARB_instanced_arrays GL_ARB_internalformat_query GL_ARB_internalformat_query2 GL_ARB_invalidate_subdata GL_ARB_map_buffer_alignment GL_ARB_map_buffer_range GL_ARB_multi_bind GL_ARB_multi_draw_indirect GL_ARB_occlusion_query2 GL_ARB_parallel_shader_compile GL_ARB_pipeline_statistics_query GL_ARB_pixel_buffer_object GL_ARB_po
int_sprite GL_ARB_polygon_offset_clamp GL_ARB_post_depth_coverage GL_ARB_program_interface_query GL_ARB_provoking_vertex GL_ARB_query_buffer_object GL_ARB_robust_buffer_access_behavior GL_ARB_robustness GL_ARB_sample_shading GL_ARB_sampler_objects GL_ARB_seamless_cube_map GL_ARB_seamless_cubemap_per_texture GL_ARB_separate_shader_objects GL_ARB_shader_atomic_counter_ops GL_ARB_shader_atomic_counters GL_ARB_shader_ballot GL_ARB_shader_bit_encoding GL_ARB_shader_clock GL_ARB_shader_draw_parameters GL_ARB_shader_group_vote GL_ARB_shader_image_load_store GL_ARB_shader_image_size GL_ARB_shader_objects GL_ARB_shader_precision GL_ARB_shader_stencil_export GL_ARB_shader_storage_buffer_object GL_ARB_shader_subroutine GL_ARB_shader_texture_image_samples GL_ARB_shader_texture_lod GL_ARB_shader_viewport_layer_array GL_ARB_shading_language_420pack GL_ARB_shading_language_include GL_ARB_shading_language_packing GL_ARB_spirv_extensions GL_ARB_stencil_texturing GL_ARB_sync GL_ARB_tessellation_shader GL_ARB_texture_barrier G
L_ARB_texture_buffer_object GL_ARB_texture_buffer_object_rgb32 GL_ARB_texture_buffer_range GL_ARB_texture_compression_bptc GL_ARB_texture_compression_rgtc GL_ARB_texture_cube_map_array GL_ARB_texture_filter_anisotropic GL_ARB_texture_float GL_ARB_texture_gather GL_ARB_texture_mirror_clamp_to_edge GL_ARB_texture_multisample GL_ARB_texture_non_power_of_two GL_ARB_texture_query_levels GL_ARB_texture_query_lod GL_ARB_texture_rectangle GL_ARB_texture_rg GL_ARB_texture_rgb10_a2ui GL_ARB_texture_stencil8 GL_ARB_texture_storage GL_ARB_texture_storage_multisample GL_ARB_texture_swizzle GL_ARB_texture_view GL_ARB_timer_query GL_ARB_transform_feedback2 GL_ARB_transform_feedback3 GL_ARB_transform_feedback_instanced GL_ARB_transform_feedback_overflow_query GL_ARB_uniform_buffer_object GL_ARB_vertex_array_bgra GL_ARB_vertex_array_object GL_ARB_vertex_attrib_64bit GL_ARB_vertex_attrib_binding GL_ARB_vertex_buffer_object GL_ARB_vertex_shader GL_ARB_vertex_type_10f_11f_11f_rev GL_ARB_vertex_type_2_10_10_10_rev GL_ARB_viewpor
t_array GL_ATI_blend_equation_separate GL_ATI_texture_float GL_EXT_EGL_image_storage GL_EXT_EGL_sync GL_EXT_abgr GL_EXT_blend_equation_separate GL_EXT_demote_to_helper_invocation GL_EXT_draw_buffers2 GL_EXT_draw_instanced GL_EXT_framebuffer_blit GL_EXT_framebuffer_multisample GL_EXT_framebuffer_multisample_blit_scaled GL_EXT_framebuffer_object GL_EXT_framebuffer_sRGB GL_EXT_packed_depth_stencil GL_EXT_packed_float GL_EXT_pixel_buffer_object GL_EXT_polygon_offset_clamp GL_EXT_provoking_vertex GL_EXT_semaphore GL_EXT_semaphore_fd GL_EXT_shader_framebuffer_fetch GL_EXT_shader_framebuffer_fetch_non_coherent GL_EXT_shader_integer_mix GL_EXT_shader_samples_identical GL_EXT_texture_array GL_EXT_texture_compression_dxt1 GL_EXT_texture_compression_rgtc GL_EXT_texture_compression_s3tc GL_EXT_texture_filter_anisotropic GL_EXT_texture_integer GL_EXT_texture_sRGB GL_EXT_texture_sRGB_R8 GL_EXT_texture_sRGB_decode GL_EXT_texture_shadow_lod GL_EXT_texture_shared_exponent GL_EXT_texture_snorm GL_EXT_texture_swizzle GL_EXT_ti
mer_query GL_EXT_transform_feedback GL_EXT_vertex_array_bgra GL_EXT_vertex_attrib_64bit GL_IBM_multimode_draw_arrays GL_INTEL_blackhole_render GL_INTEL_conservative_rasterization GL_INTEL_performance_query GL_INTEL_shader_atomic_float_minmax GL_INTEL_shader_integer_functions2 GL_KHR_blend_equation_advanced GL_KHR_blend_equation_advanced_coherent GL_KHR_context_flush_control GL_KHR_debug GL_KHR_no_error GL_KHR_parallel_shader_compile GL_KHR_robust_buffer_access_behavior GL_KHR_robustness GL_KHR_texture_compression_astc_ldr GL_KHR_texture_compression_astc_sliced_3d GL_MESA_framebuffer_flip_y GL_MESA_pack_invert GL_MESA_shader_integer_functions GL_MESA_texture_signed_rgba GL_NV_compute_shader_derivatives GL_NV_conditional_render GL_NV_copy_image GL_NV_depth_clamp GL_NV_fragment_shader_interlock GL_NV_packed_depth_stencil GL_NV_texture_barrier GL_OES_EGL_image GL_S3_s3tc
OPENGL LOG: Creating OpenGL 4.6 graphics device ; Context level  <OpenGL 4.5> ; Context handle 764295680
Initialize mono
Mono path[0] = '/home/variablename/Unity/Hub/Editor/2020.2.6f1/Editor/Data/Managed'
Mono path[1] = '/home/variablename/Unity/Hub/Editor/2020.2.6f1/Editor/Data/MonoBleedingEdge/lib/mono/unityjit'
Mono config path = '/home/variablename/Unity/Hub/Editor/2020.2.6f1/Editor/Data/MonoBleedingEdge/etc'
Using monoOptions --debugger-agent=transport=dt_socket,embedding=1,server=y,suspend=n,address=127.0.0.1:56815
Begin MonoManager ReloadAssembly
Registering precompiled unity dll's ...
Register platform support module: /home/variablename/Unity/Hub/Editor/2020.2.6f1/Editor/Data/PlaybackEngines/WebGLSupport/UnityEditor.WebGL.Extensions.dll
Trying to register platform support module: /home/variablename/Unity/Hub/Editor/2020.2.6f1/Editor/Data/PlaybackEngines/MacStandaloneSupport/UnityEditor.OSXStandalone.Extensions.dll (that doesn't exist). Retrying without overrides.
Platform support module is not available: /home/variablename/Unity/Hub/Editor/2020.2.6f1/Editor/Data/PlaybackEngines/MacStandaloneSupport/UnityEditor.OSXStandalone.Extensions.dll
Trying to register platform support module: /home/variablename/Unity/Hub/Editor/2020.2.6f1/Editor/Data/PlaybackEngines/WindowsStandaloneSupport/UnityEditor.WindowsStandalone.Extensions.dll (that doesn't exist). Retrying without overrides.
Platform support module is not available: /home/variablename/Unity/Hub/Editor/2020.2.6f1/Editor/Data/PlaybackEngines/WindowsStandaloneSupport/UnityEditor.WindowsStandalone.Extensions.dll
Register platform support module: /home/variablename/Unity/Hub/Editor/2020.2.6f1/Editor/Data/PlaybackEngines/LinuxStandaloneSupport/UnityEditor.LinuxStandalone.Extensions.dll
Registered in 0.002981 seconds.
Native extension for LinuxStandalone target not found
Native extension for WebGL target not found
Refreshing native plugins compatible for Editor in 37.47 ms, found 1 plugins.
Preloading 0 native plugins for Editor in 0.00 ms.
Invoked RoslynAnalysisRunner static constructor.
RoslynAnalysisRunner will not be running.
RoslynAnalysisRunner has terminated.
Mono: successfully reloaded assembly
- Completed reload, in  1.747 seconds
Platform modules already initialized, skipping
Registering precompiled user dll's ...
Registered in 0.000830 seconds.
Begin MonoManager ReloadAssembly
Native extension for LinuxStandalone target not found
Native extension for WebGL target not found
Refreshing native plugins compatible for Editor in 36.34 ms, found 1 plugins.
Preloading 0 native plugins for Editor in 0.00 ms.
Invoked RoslynAnalysisRunner static constructor.
RoslynAnalysisRunner will not be running.
RoslynAnalysisRunner has terminated.
Mono: successfully reloaded assembly
- Completed reload, in  0.901 seconds
Platform modules already initialized, skipping
========================================================================
Worker process is ready to serve import requests
Launched and connected shader compiler UnityShaderCompiler after 0.01 seconds
Refreshing native plugins compatible for Editor in 0.34 ms, found 1 plugins.
Preloading 0 native plugins for Editor in 0.00 ms.
Unloading 1815 Unused Serialized files (Serialized files now loaded: 0)
System memory in use before: 78.9 MB.
System memory in use after: 79.0 MB.

Unloading 19 unused Assets to reduce memory usage. Loaded Objects now: 2261.
Total: 3.275852 ms (FindLiveObjects: 0.294054 ms CreateObjectMapping: 0.176466 ms MarkObjects: 2.627761 ms  DeleteObjects: 0.174797 ms)

========================================================================
Received Import Request.
  path: Assets/Scenes/WeaponsTest_Scene.unity
  artifactKey: Guid(378119f1425fbbf3b8fabd5b98b088c1) Importer(815301076,1909f56bfc062723c751e8b465ee728b)
Start importing Assets/Scenes/WeaponsTest_Scene.unity using Guid(378119f1425fbbf3b8fabd5b98b088c1) Importer(815301076,1909f56bfc062723c751e8b465ee728b)  -> (artifact id: 'b17a1dd19019473be6ab6af86ed30ceb') in 0.011007 seconds
  Import took 0.015267 seconds .

========================================================================
Received Prepare
Registering precompiled user dll's ...
Registered in 0.001053 seconds.
Begin MonoManager ReloadAssembly
Native extension for LinuxStandalone target not found
Native extension for WebGL target not found
Refreshing native plugins compatible for Editor in 0.33 ms, found 1 plugins.
Preloading 0 native plugins for Editor in 0.00 ms.
Invoked RoslynAnalysisRunner static constructor.
RoslynAnalysisRunner will not be running.
RoslynAnalysisRunner has terminated.
Mono: successfully reloaded assembly
- Completed reload, in  0.835 seconds
Platform modules already initialized, skipping
Refreshing native plugins compatible for Editor in 0.32 ms, found 1 plugins.
Preloading 0 native plugins for Editor in 0.00 ms.
Unloading 1805 Unused Serialized files (Serialized files now loaded: 0)
System memory in use before: 78.6 MB.
System memory in use after: 78.6 MB.

Unloading 7 unused Assets to reduce memory usage. Loaded Objects now: 2264.
Total: 2.705411 ms (FindLiveObjects: 0.232569 ms CreateObjectMapping: 0.089034 ms MarkObjects: 2.333029 ms  DeleteObjects: 0.049670 ms)

========================================================================
Received Prepare
Registering precompiled user dll's ...
Registered in 0.000848 seconds.
Begin MonoManager ReloadAssembly
Native extension for LinuxStandalone target not found
Native extension for WebGL target not found
Refreshing native plugins compatible for Editor in 0.37 ms, found 1 plugins.
Preloading 0 native plugins for Editor in 0.00 ms.
Invoked RoslynAnalysisRunner static constructor.
RoslynAnalysisRunner will not be running.
RoslynAnalysisRunner has terminated.
Mono: successfully reloaded assembly
- Completed reload, in  0.819 seconds
Platform modules already initialized, skipping
Refreshing native plugins compatible for Editor in 0.32 ms, found 1 plugins.
Preloading 0 native plugins for Editor in 0.00 ms.
Unloading 1805 Unused Serialized files (Serialized files now loaded: 0)
System memory in use before: 78.6 MB.
System memory in use after: 78.7 MB.

Unloading 7 unused Assets to reduce memory usage. Loaded Objects now: 2267.
Total: 3.275599 ms (FindLiveObjects: 0.311960 ms CreateObjectMapping: 0.108617 ms MarkObjects: 2.795017 ms  DeleteObjects: 0.058473 ms)

========================================================================
Received Prepare
Registering precompiled user dll's ...
Registered in 0.000924 seconds.
Begin MonoManager ReloadAssembly
Native extension for LinuxStandalone target not found
Native extension for WebGL target not found
Refreshing native plugins compatible for Editor in 0.38 ms, found 1 plugins.
Preloading 0 native plugins for Editor in 0.00 ms.
Invoked RoslynAnalysisRunner static constructor.
RoslynAnalysisRunner will not be running.
RoslynAnalysisRunner has terminated.
Mono: successfully reloaded assembly
- Completed reload, in  0.852 seconds
Platform modules already initialized, skipping
Refreshing native plugins compatible for Editor in 0.33 ms, found 1 plugins.
Preloading 0 native plugins for Editor in 0.00 ms.
Unloading 1805 Unused Serialized files (Serialized files now loaded: 0)
System memory in use before: 78.6 MB.
System memory in use after: 78.7 MB.

Unloading 7 unused Assets to reduce memory usage. Loaded Objects now: 2270.
Total: 2.737818 ms (FindLiveObjects: 0.269045 ms CreateObjectMapping: 0.148127 ms MarkObjects: 2.288010 ms  DeleteObjects: 0.031417 ms)

========================================================================
Received Import Request.
  Time since last request: 689.967588 seconds.
  path: Assets/Animations/normalShot_impactEffect.prefab
  artifactKey: Guid(9b136a32a5d41c1b9a7aab1e133e70d9) Importer(815301076,1909f56bfc062723c751e8b465ee728b)
Start importing Assets/Animations/normalShot_impactEffect.prefab using Guid(9b136a32a5d41c1b9a7aab1e133e70d9) Importer(815301076,1909f56bfc062723c751e8b465ee728b)  -> (artifact id: 'd404ec42a5ec438d4d356018f8bf5df2') in 0.025872 seconds
  Import took 0.029355 seconds .

========================================================================
Received Import Request.
  Time since last request: 1.682328 seconds.
  path: Assets/Animations/backgroundsunset.controller
  artifactKey: Guid(af51efbd4811ce097b4f55f8e288aba4) Importer(815301076,1909f56bfc062723c751e8b465ee728b)
Start importing Assets/Animations/backgroundsunset.controller using Guid(af51efbd4811ce097b4f55f8e288aba4) Importer(815301076,1909f56bfc062723c751e8b465ee728b)  -> (artifact id: 'cb07d2aa31ab3486bb0b4e0276dbce33') in 0.002560 seconds
  Import took 0.005897 seconds .

========================================================================
Received Import Request.
  Time since last request: 0.000880 seconds.
  path: Assets/Animations/backgroundsunset.controller
  artifactKey: Guid(af51efbd4811ce097b4f55f8e288aba4) Importer(815301076,1909f56bfc062723c751e8b465ee728b)
Start importing Assets/Animations/backgroundsunset.controller using Guid(af51efbd4811ce097b4f55f8e288aba4) Importer(815301076,1909f56bfc062723c751e8b465ee728b)  -> (artifact id: 'cb07d2aa31ab3486bb0b4e0276dbce33') in 0.001296 seconds
  Import took 0.004410 seconds .

========================================================================
Received Import Request.
  Time since last request: 18.628988 seconds.
  path: Assets/Images_WeaponsTest/normalShot_prefab.prefab
  artifactKey: Guid(431eac63cac754da295d8274cf08dc51) Importer(815301076,1909f56bfc062723c751e8b465ee728b)
Start importing Assets/Images_WeaponsTest/normalShot_prefab.prefab using Guid(431eac63cac754da295d8274cf08dc51) Importer(815301076,1909f56bfc062723c751e8b465ee728b)  -> (artifact id: '57361bc769a3320b0a97e2caa2955cb1') in 0.064156 seconds
  Import took 0.068060 seconds .

========================================================================
Received Prepare
Registering precompiled user dll's ...
Registered in 0.001060 seconds.
Begin MonoManager ReloadAssembly
Native extension for LinuxStandalone target not found
Native extension for WebGL target not found
Refreshing native plugins compatible for Editor in 0.33 ms, found 1 plugins.
Preloading 0 native plugins for Editor in 0.00 ms.
Invoked RoslynAnalysisRunner static constructor.
RoslynAnalysisRunner will not be running.
RoslynAnalysisRunner has terminated.
Mono: successfully reloaded assembly
- Completed reload, in  0.809 seconds
Platform modules already initialized, skipping
Refreshing native plugins compatible for Editor in 0.33 ms, found 1 plugins.
Preloading 0 native plugins for Editor in 0.00 ms.
Unloading 1805 Unused Serialized files (Serialized files now loaded: 0)
System memory in use before: 80.0 MB.
System memory in use after: 80.1 MB.

Unloading 7 unused Assets to reduce memory usage. Loaded Objects now: 2280.
Total: 2.773475 ms (FindLiveObjects: 0.263010 ms CreateObjectMapping: 0.108389 ms MarkObjects: 2.365351 ms  DeleteObjects: 0.035267 ms)

========================================================================
Received Prepare
Registering precompiled user dll's ...
Registered in 0.000960 seconds.
Begin MonoManager ReloadAssembly
Native extension for LinuxStandalone target not found
Native extension for WebGL target not found
Refreshing native plugins compatible for Editor in 0.34 ms, found 1 plugins.
Preloading 0 native plugins for Editor in 0.00 ms.
Invoked RoslynAnalysisRunner static constructor.
RoslynAnalysisRunner will not be running.
RoslynAnalysisRunner has terminated.
Mono: successfully reloaded assembly
- Completed reload, in  0.820 seconds
Platform modules already initialized, skipping
Refreshing native plugins compatible for Editor in 0.32 ms, found 1 plugins.
Preloading 0 native plugins for Editor in 0.00 ms.
Unloading 1805 Unused Serialized files (Serialized files now loaded: 0)
System memory in use before: 80.0 MB.
System memory in use after: 80.1 MB.

Unloading 7 unused Assets to reduce memory usage. Loaded Objects now: 2283.
Total: 2.759464 ms (FindLiveObjects: 0.247357 ms CreateObjectMapping: 0.106602 ms MarkObjects: 2.355999 ms  DeleteObjects: 0.048281 ms)

========================================================================
Received Import Request.
  Time since last request: 108.379471 seconds.
  path: Assets/Animations/normalShot_impactEffect.controller
  artifactKey: Guid(bb7b611d1c85818a69edcebb6fb17c09) Importer(815301076,1909f56bfc062723c751e8b465ee728b)
Start importing Assets/Animations/normalShot_impactEffect.controller using Guid(bb7b611d1c85818a69edcebb6fb17c09) Importer(815301076,1909f56bfc062723c751e8b465ee728b)  -> (artifact id: 'c5482ec6bd8f49629911ae2438dc24fd') in 0.012022 seconds
  Import took 0.015446 seconds .

========================================================================
Received Import Request.
  Time since last request: 0.010571 seconds.
  path: Assets/Animations/normalShot_impactEffect.controller
  artifactKey: Guid(bb7b611d1c85818a69edcebb6fb17c09) Importer(815301076,1909f56bfc062723c751e8b465ee728b)
Start importing Assets/Animations/normalShot_impactEffect.controller using Guid(bb7b611d1c85818a69edcebb6fb17c09) Importer(815301076,1909f56bfc062723c751e8b465ee728b)  -> (artifact id: 'c5482ec6bd8f49629911ae2438dc24fd') in 0.001576 seconds
  Import took 0.005416 seconds .

========================================================================
Received Import Request.
  Time since last request: 3.916343 seconds.
  path: Assets/Animations/normalShot_impactEffect.anim
  artifactKey: Guid(ff6f363b1cd0a7bf0a857f60de0fda79) Importer(815301076,1909f56bfc062723c751e8b465ee728b)
Start importing Assets/Animations/normalShot_impactEffect.anim using Guid(ff6f363b1cd0a7bf0a857f60de0fda79) Importer(815301076,1909f56bfc062723c751e8b465ee728b)  -> (artifact id: '6bce14287fef9647f2d56c922e5ee9ad') in 0.002792 seconds
  Import took 0.006951 seconds .

========================================================================
Received Import Request.
  Time since last request: 0.000584 seconds.
  path: Assets/Animations/normalShot_impactEffect.anim
  artifactKey: Guid(ff6f363b1cd0a7bf0a857f60de0fda79) Importer(815301076,1909f56bfc062723c751e8b465ee728b)
Start importing Assets/Animations/normalShot_impactEffect.anim using Guid(ff6f363b1cd0a7bf0a857f60de0fda79) Importer(815301076,1909f56bfc062723c751e8b465ee728b)  -> (artifact id: '6bce14287fef9647f2d56c922e5ee9ad') in 0.001479 seconds
  Import took 0.006182 seconds .

========================================================================
Received Prepare
Registering precompiled user dll's ...
Registered in 0.000869 seconds.
Begin MonoManager ReloadAssembly
Native extension for LinuxStandalone target not found
Native extension for WebGL target not found
Refreshing native plugins compatible for Editor in 0.33 ms, found 1 plugins.
Preloading 0 native plugins for Editor in 0.00 ms.
Invoked RoslynAnalysisRunner static constructor.
RoslynAnalysisRunner will not be running.
RoslynAnalysisRunner has terminated.
Mono: successfully reloaded assembly
- Completed reload, in  0.805 seconds
Platform modules already initialized, skipping
Refreshing native plugins compatible for Editor in 0.30 ms, found 1 plugins.
Preloading 0 native plugins for Editor in 0.00 ms.
Unloading 1805 Unused Serialized files (Serialized files now loaded: 0)
System memory in use before: 80.0 MB.
System memory in use after: 80.1 MB.

Unloading 7 unused Assets to reduce memory usage. Loaded Objects now: 2286.
Total: 2.607591 ms (FindLiveObjects: 0.260031 ms CreateObjectMapping: 0.159738 ms MarkObjects: 2.154341 ms  DeleteObjects: 0.032452 ms)

========================================================================
Received Import Request.
  Time since last request: 54.468832 seconds.
  path: Assets/Animations/normalShot_impactEffect.prefab
  artifactKey: Guid(9b136a32a5d41c1b9a7aab1e133e70d9) Importer(815301076,1909f56bfc062723c751e8b465ee728b)
Start importing Assets/Animations/normalShot_impactEffect.prefab using Guid(9b136a32a5d41c1b9a7aab1e133e70d9) Importer(815301076,1909f56bfc062723c751e8b465ee728b)  -> (artifact id: '8c969c2605f56c285959f870e9c152a6') in 0.031566 seconds
  Import took 0.035833 seconds .

========================================================================
Received Import Request.
  Time since last request: 5.775541 seconds.
  path: Assets/Scenes/WeaponsTest_Scene.unity
  artifactKey: Guid(378119f1425fbbf3b8fabd5b98b088c1) Importer(815301076,1909f56bfc062723c751e8b465ee728b)
Start importing Assets/Scenes/WeaponsTest_Scene.unity using Guid(378119f1425fbbf3b8fabd5b98b088c1) Importer(815301076,1909f56bfc062723c751e8b465ee728b)  -> (artifact id: 'b0dc620ebd58715cbb894c3b002cd4bc') in 0.001090 seconds
  Import took 0.004527 seconds .

========================================================================
Received Import Request.
  Time since last request: 0.000800 seconds.
  path: Assets/Scenes/WeaponsTest_Scene.unity
  artifactKey: Guid(378119f1425fbbf3b8fabd5b98b088c1) Importer(815301076,1909f56bfc062723c751e8b465ee728b)
Start importing Assets/Scenes/WeaponsTest_Scene.unity using Guid(378119f1425fbbf3b8fabd5b98b088c1) Importer(815301076,1909f56bfc062723c751e8b465ee728b)  -> (artifact id: 'b0dc620ebd58715cbb894c3b002cd4bc') in 0.001089 seconds
  Import took 0.004854 seconds .

========================================================================
Received Prepare
Registering precompiled user dll's ...
Registered in 0.000864 seconds.
Begin MonoManager ReloadAssembly
Native extension for LinuxStandalone target not found
Native extension for WebGL target not found
Refreshing native plugins compatible for Editor in 0.33 ms, found 1 plugins.
Preloading 0 native plugins for Editor in 0.00 ms.
Invoked RoslynAnalysisRunner static constructor.
RoslynAnalysisRunner will not be running.
RoslynAnalysisRunner has terminated.
Mono: successfully reloaded assembly
- Completed reload, in  0.816 seconds
Platform modules already initialized, skipping
Refreshing native plugins compatible for Editor in 0.35 ms, found 1 plugins.
Preloading 0 native plugins for Editor in 0.00 ms.
Unloading 1805 Unused Serialized files (Serialized files now loaded: 0)
System memory in use before: 80.0 MB.
System memory in use after: 80.1 MB.

Unloading 7 unused Assets to reduce memory usage. Loaded Objects now: 2289.
Total: 2.801946 ms (FindLiveObjects: 0.343894 ms CreateObjectMapping: 0.088480 ms MarkObjects: 2.316499 ms  DeleteObjects: 0.051912 ms)

========================================================================
Received Prepare
Registering precompiled user dll's ...
Registered in 0.000881 seconds.
Begin MonoManager ReloadAssembly
Native extension for LinuxStandalone target not found
Native extension for WebGL target not found
Refreshing native plugins compatible for Editor in 0.33 ms, found 1 plugins.
Preloading 0 native plugins for Editor in 0.00 ms.
Invoked RoslynAnalysisRunner static constructor.
RoslynAnalysisRunner will not be running.
RoslynAnalysisRunner has terminated.
Mono: successfully reloaded assembly
- Completed reload, in  0.846 seconds
Platform modules already initialized, skipping
Refreshing native plugins compatible for Editor in 0.30 ms, found 1 plugins.
Preloading 0 native plugins for Editor in 0.00 ms.
Unloading 1805 Unused Serialized files (Serialized files now loaded: 0)
System memory in use before: 80.1 MB.
System memory in use after: 80.1 MB.

Unloading 7 unused Assets to reduce memory usage. Loaded Objects now: 2292.
Total: 8.970318 ms (FindLiveObjects: 0.238890 ms CreateObjectMapping: 0.140137 ms MarkObjects: 8.528217 ms  DeleteObjects: 0.061210 ms)

========================================================================
Received Prepare
Registering precompiled user dll's ...
Registered in 0.001056 seconds.
Begin MonoManager ReloadAssembly
Native extension for LinuxStandalone target not found
Native extension for WebGL target not found
Refreshing native plugins compatible for Editor in 0.37 ms, found 1 plugins.
Preloading 0 native plugins for Editor in 0.00 ms.
Invoked RoslynAnalysisRunner static constructor.
RoslynAnalysisRunner will not be running.
RoslynAnalysisRunner has terminated.
Mono: successfully reloaded assembly
- Completed reload, in  0.848 seconds
Platform modules already initialized, skipping
Refreshing native plugins compatible for Editor in 0.42 ms, found 1 plugins.
Preloading 0 native plugins for Editor in 0.00 ms.
Unloading 1805 Unused Serialized files (Serialized files now loaded: 0)
System memory in use before: 80.1 MB.
System memory in use after: 80.1 MB.

Unloading 7 unused Assets to reduce memory usage. Loaded Objects now: 2295.
Total: 3.085449 ms (FindLiveObjects: 0.298424 ms CreateObjectMapping: 0.100742 ms MarkObjects: 2.647539 ms  DeleteObjects: 0.037580 ms)

========================================================================
Received Import Request.
  Time since last request: 329.949159 seconds.
  path: Assets/Images_WeaponsTest/normalShot_bullet_explodeFrame3.png
  artifactKey: Guid(a88e02e6b703cc5e3a5359751d8c686b) Importer(815301076,1909f56bfc062723c751e8b465ee728b)
Start importing Assets/Images_WeaponsTest/normalShot_bullet_explodeFrame3.png using Guid(a88e02e6b703cc5e3a5359751d8c686b) Importer(815301076,1909f56bfc062723c751e8b465ee728b)  -> (artifact id: '7eb1b477560cdd6419ab580a604ecdbe') in 0.057843 seconds
  Import took 0.061782 seconds .

========================================================================
Received Import Request.
  Time since last request: 0.031143 seconds.
  path: Assets/Images_WeaponsTest/normalShot_bullet_explodeFrame3.png
  artifactKey: Guid(a88e02e6b703cc5e3a5359751d8c686b) Importer(815301076,1909f56bfc062723c751e8b465ee728b)
Start importing Assets/Images_WeaponsTest/normalShot_bullet_explodeFrame3.png using Guid(a88e02e6b703cc5e3a5359751d8c686b) Importer(815301076,1909f56bfc062723c751e8b465ee728b)  -> (artifact id: '7eb1b477560cdd6419ab580a604ecdbe') in 0.005579 seconds
  Import took 0.009310 seconds .

AssetImportWorkerClient::OnTransportError - code=2 error=End of file
