Using pre-set license

 COMMAND LINE ARGUMENTS:
/Applications/Unity/Hub/Editor/2020.2.4f1/Unity.app/Contents/MacOS/Unity
-adb2
-batchMode
-noUpm
-name
AssetImportWorker0
-projectPath
/Users/jake/Desktop/project/COP4331C-Group-5/Project
-logFile
Logs/AssetImportWorker0.log
-srvPort
62665
Successfully changed project path to: /Users/jake/Desktop/project/COP4331C-Group-5/Project
/Users/jake/Desktop/project/COP4331C-Group-5/Project
Using Asset Import Pipeline V2.
Refreshing native plugins compatible for Editor in 26.89 ms, found 1 plugins.
Preloading 0 native plugins for Editor in 0.00 ms.
Initialize engine version: 2020.2.4f1 (becced5a802b)
[Subsystems] Discovering subsystems at path /Applications/Unity/Hub/Editor/2020.2.4f1/Unity.app/Contents/Resources/UnitySubsystems
[Subsystems] Discovering subsystems at path /Users/jake/Desktop/project/COP4331C-Group-5/Project/Assets
GfxDevice: creating device client; threaded=0
2021-03-14 18:47:04.683 Unity[14155:386857] (null) preferred device: Apple M1 (high power)
2021-03-14 18:47:04.683 Unity[14155:386857] Metal devices available: 1
2021-03-14 18:47:04.683 Unity[14155:386857] 0: Apple M1 (high power)
2021-03-14 18:47:04.683 Unity[14155:386857] Using device Apple M1 (high power)
Initializing Metal device caps: Apple M1
Initialize mono
Mono path[0] = '/Applications/Unity/Hub/Editor/2020.2.4f1/Unity.app/Contents/Managed'
Mono path[1] = '/Applications/Unity/Hub/Editor/2020.2.4f1/Unity.app/Contents/MonoBleedingEdge/lib/mono/unityjit'
Mono config path = '/Applications/Unity/Hub/Editor/2020.2.4f1/Unity.app/Contents/MonoBleedingEdge/etc'
Using monoOptions --debugger-agent=transport=dt_socket,embedding=1,server=y,suspend=n,address=127.0.0.1:56155
Begin MonoManager ReloadAssembly
Registering precompiled unity dll's ...
Register platform support module: /Applications/Unity/Hub/Editor/2020.2.4f1/Unity.app/Contents/PlaybackEngines/MacStandaloneSupport/UnityEditor.OSXStandalone.Extensions.dll
Registered in 0.000946 seconds.
Native extension for OSXStandalone target not found
Refreshing native plugins compatible for Editor in 26.22 ms, found 1 plugins.
Preloading 0 native plugins for Editor in 0.00 ms.
Invoked RoslynAnalysisRunner static constructor.
RoslynAnalysisRunner will not be running.
RoslynAnalysisRunner has terminated.
Mono: successfully reloaded assembly
- Completed reload, in  1.995 seconds
Platform modules already initialized, skipping
Registering precompiled user dll's ...
Registered in 0.000246 seconds.
Begin MonoManager ReloadAssembly
Native extension for OSXStandalone target not found
Refreshing native plugins compatible for Editor in 0.21 ms, found 1 plugins.
Preloading 0 native plugins for Editor in 0.00 ms.
Invoked RoslynAnalysisRunner static constructor.
RoslynAnalysisRunner will not be running.
RoslynAnalysisRunner has terminated.
Mono: successfully reloaded assembly
- Completed reload, in  1.637 seconds
Platform modules already initialized, skipping
========================================================================
Worker process is ready to serve import requests
Launching external process: /Applications/Unity/Hub/Editor/2020.2.4f1/Unity.app/Contents/Tools/UnityShaderCompiler
Launched and connected shader compiler UnityShaderCompiler after 0.02 seconds
Refreshing native plugins compatible for Editor in 0.22 ms, found 1 plugins.
Preloading 0 native plugins for Editor in 0.00 ms.
Unloading 1249 Unused Serialized files (Serialized files now loaded: 0)
System memory in use before: 115.3 MB.
System memory in use after: 115.4 MB.

Unloading 13 unused Assets to reduce memory usage. Loaded Objects now: 1694.
Total: 1.339500 ms (FindLiveObjects: 0.150666 ms CreateObjectMapping: 0.027167 ms MarkObjects: 1.091667 ms  DeleteObjects: 0.069167 ms)

========================================================================
Received Import Request.
  path: Assets/bgnoshipBIG.png
  artifactKey: Guid(b62639a053addd54992a996ad765129c) Importer(815301076,1909f56bfc062723c751e8b465ee728b)
Start importing Assets/bgnoshipBIG.png using Guid(b62639a053addd54992a996ad765129c) Importer(815301076,1909f56bfc062723c751e8b465ee728b)  -> (artifact id: 'b60fdc53fef5c70b0acc8f4a937b1777') in 0.580052 seconds
  Import took 0.582233 seconds .

========================================================================
Received Import Request.
  Time since last request: 5.802203 seconds.
  path: Assets/Audio
  artifactKey: Guid(ee24fd2003a294c9cbf54fde26f39003) Importer(815301076,1909f56bfc062723c751e8b465ee728b)
Start importing Assets/Audio using Guid(ee24fd2003a294c9cbf54fde26f39003) Importer(815301076,1909f56bfc062723c751e8b465ee728b)  -> (artifact id: 'b89b1a64ec3346ee83beda24bf943742') in 0.000873 seconds
  Import took 0.002474 seconds .

========================================================================
Received Import Request.
  Time since last request: 0.041995 seconds.
  path: Assets/Audio
  artifactKey: Guid(ee24fd2003a294c9cbf54fde26f39003) Importer(815301076,1909f56bfc062723c751e8b465ee728b)
Start importing Assets/Audio using Guid(ee24fd2003a294c9cbf54fde26f39003) Importer(815301076,1909f56bfc062723c751e8b465ee728b)  -> (artifact id: 'b89b1a64ec3346ee83beda24bf943742') in 0.000634 seconds
  Import took 0.002179 seconds .

========================================================================
Received Import Request.
  Time since last request: 0.043380 seconds.
  path: Assets/Audio/menu.aif
  artifactKey: Guid(4196bde98e47944729a6ee3e8474bcd9) Importer(815301076,1909f56bfc062723c751e8b465ee728b)
Start importing Assets/Audio/menu.aif using Guid(4196bde98e47944729a6ee3e8474bcd9) Importer(815301076,1909f56bfc062723c751e8b465ee728b)  -> (artifact id: 'a23838dc3a2726c0e9a5f92e54ec646d') in 0.513345 seconds
  Import took 0.515521 seconds .

========================================================================
Received Import Request.
  Time since last request: 0.000204 seconds.
  path: Assets/Audio/startsound.aif
  artifactKey: Guid(f13cebbb9544a444caeb79b5150bf2a0) Importer(815301076,1909f56bfc062723c751e8b465ee728b)
Start importing Assets/Audio/startsound.aif using Guid(f13cebbb9544a444caeb79b5150bf2a0) Importer(815301076,1909f56bfc062723c751e8b465ee728b)  -> (artifact id: '776822ab151c11e24e011199ea352c05') in 0.008389 seconds
  Import took 0.010051 seconds .

========================================================================
Received Import Request.
  Time since last request: 19.624386 seconds.
  path: Assets/Audio/boss death.aif
  artifactKey: Guid(e82048fbf89da40f693702d1bdd79177) Importer(815301076,1909f56bfc062723c751e8b465ee728b)
Start importing Assets/Audio/boss death.aif using Guid(e82048fbf89da40f693702d1bdd79177) Importer(815301076,1909f56bfc062723c751e8b465ee728b)  -> (artifact id: '94e14905a2def521a15630eabb46cd71') in 0.010642 seconds
  Import took 0.012495 seconds .

========================================================================
Received Import Request.
  Time since last request: 0.000205 seconds.
  path: Assets/Audio/player hover move.aif
  artifactKey: Guid(62253cca708ce44ea8ea65c9e879db20) Importer(815301076,1909f56bfc062723c751e8b465ee728b)
Start importing Assets/Audio/player hover move.aif using Guid(62253cca708ce44ea8ea65c9e879db20) Importer(815301076,1909f56bfc062723c751e8b465ee728b)  -> (artifact id: '92082178e7806a64a317b62360a8b4b5') in 0.005327 seconds
  Import took 0.006928 seconds .

========================================================================
Received Import Request.
  Time since last request: 0.000193 seconds.
  path: Assets/Audio/player take damage.aif
  artifactKey: Guid(1dd3d7cded15e4a5ea3a0ccde39e8387) Importer(815301076,1909f56bfc062723c751e8b465ee728b)
Start importing Assets/Audio/player take damage.aif using Guid(1dd3d7cded15e4a5ea3a0ccde39e8387) Importer(815301076,1909f56bfc062723c751e8b465ee728b)  -> (artifact id: '8b9917124fa6511614e3ca7e952f9331') in 0.005100 seconds
  Import took 0.006722 seconds .

========================================================================
Received Import Request.
  Time since last request: 0.000148 seconds.
  path: Assets/Audio/player fire.aif
  artifactKey: Guid(37308f9f5f607422e89d62504f9eb1b7) Importer(815301076,1909f56bfc062723c751e8b465ee728b)
Start importing Assets/Audio/player fire.aif using Guid(37308f9f5f607422e89d62504f9eb1b7) Importer(815301076,1909f56bfc062723c751e8b465ee728b)  -> (artifact id: '4e44e8090fe5955d379609fc75ea47f2') in 0.004954 seconds
  Import took 0.006428 seconds .

========================================================================
Received Import Request.
  Time since last request: 0.000193 seconds.
  path: Assets/Audio/boss spawn.aif
  artifactKey: Guid(0b728643b395a4f7eb9cdb34cc3bd514) Importer(815301076,1909f56bfc062723c751e8b465ee728b)
Start importing Assets/Audio/boss spawn.aif using Guid(0b728643b395a4f7eb9cdb34cc3bd514) Importer(815301076,1909f56bfc062723c751e8b465ee728b)  -> (artifact id: '09f298a4818edd65f04b9c90cbacadbc') in 0.005090 seconds
  Import took 0.006511 seconds .

========================================================================
Received Import Request.
  Time since last request: 0.000199 seconds.
  path: Assets/Audio/level complete.aif
  artifactKey: Guid(cd0e8893b964f43a1bee473e11035b4a) Importer(815301076,1909f56bfc062723c751e8b465ee728b)
Start importing Assets/Audio/level complete.aif using Guid(cd0e8893b964f43a1bee473e11035b4a) Importer(815301076,1909f56bfc062723c751e8b465ee728b)  -> (artifact id: '0766e7d880e9d2aead305f8e5548a62f') in 0.005118 seconds
  Import took 0.006591 seconds .

========================================================================
Received Import Request.
  Time since last request: 0.000231 seconds.
  path: Assets/Audio/player spawn.aif
  artifactKey: Guid(e63aea8e68c654fcba0daa459d4a411e) Importer(815301076,1909f56bfc062723c751e8b465ee728b)
Start importing Assets/Audio/player spawn.aif using Guid(e63aea8e68c654fcba0daa459d4a411e) Importer(815301076,1909f56bfc062723c751e8b465ee728b)  -> (artifact id: '492d62ebb9e0fdc7a485548e4c4860f0') in 0.005256 seconds
  Import took 0.006913 seconds .

========================================================================
Received Import Request.
  Time since last request: 0.000187 seconds.
  path: Assets/Audio/weapon hit.aif
  artifactKey: Guid(5e09ac4759a2942d2b0dfb3b92eca3f5) Importer(815301076,1909f56bfc062723c751e8b465ee728b)
Start importing Assets/Audio/weapon hit.aif using Guid(5e09ac4759a2942d2b0dfb3b92eca3f5) Importer(815301076,1909f56bfc062723c751e8b465ee728b)  -> (artifact id: 'a287d2c7abe3fe190b9086124fa50795') in 0.004762 seconds
  Import took 0.006166 seconds .

========================================================================
Received Import Request.
  Time since last request: 0.000184 seconds.
  path: Assets/Audio/loading song.aif
  artifactKey: Guid(8d3e5e4887458430088ac66b3a48b96f) Importer(815301076,1909f56bfc062723c751e8b465ee728b)
Start importing Assets/Audio/loading song.aif using Guid(8d3e5e4887458430088ac66b3a48b96f) Importer(815301076,1909f56bfc062723c751e8b465ee728b)  -> (artifact id: 'f197f63e64f1747ba56d44b8541b1129') in 0.005153 seconds
  Import took 0.006565 seconds .

========================================================================
Received Import Request.
  Time since last request: 0.000191 seconds.
  path: Assets/Audio/option click.aif
  artifactKey: Guid(19493bcacc0d04322a09a61a930dc635) Importer(815301076,1909f56bfc062723c751e8b465ee728b)
Start importing Assets/Audio/option click.aif using Guid(19493bcacc0d04322a09a61a930dc635) Importer(815301076,1909f56bfc062723c751e8b465ee728b)  -> (artifact id: '604ddbe2d50fc7d658f011b6998e10cb') in 0.004841 seconds
  Import took 0.006225 seconds .

========================================================================
Received Import Request.
  Time since last request: 0.000190 seconds.
  path: Assets/Audio/player death.aif
  artifactKey: Guid(f3e6c57bdef084183b2d44a2ab5a3767) Importer(815301076,1909f56bfc062723c751e8b465ee728b)
Start importing Assets/Audio/player death.aif using Guid(f3e6c57bdef084183b2d44a2ab5a3767) Importer(815301076,1909f56bfc062723c751e8b465ee728b)  -> (artifact id: '84239b4440e44a30c14ae8f248257863') in 0.004925 seconds
  Import took 0.006301 seconds .

========================================================================
Received Import Request.
  Time since last request: 0.955010 seconds.
  path: Assets/Audio/player death.aif
  artifactKey: Guid(f3e6c57bdef084183b2d44a2ab5a3767) Importer(815301076,1909f56bfc062723c751e8b465ee728b)
Start importing Assets/Audio/player death.aif using Guid(f3e6c57bdef084183b2d44a2ab5a3767) Importer(815301076,1909f56bfc062723c751e8b465ee728b)  -> (artifact id: '84239b4440e44a30c14ae8f248257863') in 0.010569 seconds
  Import took 0.014443 seconds .

========================================================================
Received Prepare
Registering precompiled user dll's ...
Registered in 0.000564 seconds.
Begin MonoManager ReloadAssembly
Native extension for OSXStandalone target not found
Refreshing native plugins compatible for Editor in 0.23 ms, found 1 plugins.
Preloading 0 native plugins for Editor in 0.00 ms.
Invoked RoslynAnalysisRunner static constructor.
RoslynAnalysisRunner will not be running.
RoslynAnalysisRunner has terminated.
Mono: successfully reloaded assembly
- Completed reload, in  1.585 seconds
Platform modules already initialized, skipping
Refreshing native plugins compatible for Editor in 0.21 ms, found 1 plugins.
Preloading 0 native plugins for Editor in 0.00 ms.
Unloading 1230 Unused Serialized files (Serialized files now loaded: 0)
System memory in use before: 126.6 MB.
System memory in use after: 126.8 MB.

Unloading 4 unused Assets to reduce memory usage. Loaded Objects now: 1708.
Total: 1.217667 ms (FindLiveObjects: 0.118875 ms CreateObjectMapping: 0.026000 ms MarkObjects: 1.053166 ms  DeleteObjects: 0.018667 ms)

========================================================================
Received Import Request.
  Time since last request: 76.565817 seconds.
  path: Assets/Scenes/Menu_Scene.unity
  artifactKey: Guid(38d5c6432c1aa5701861c2c62bfcf69d) Importer(815301076,1909f56bfc062723c751e8b465ee728b)
Start importing Assets/Scenes/Menu_Scene.unity using Guid(38d5c6432c1aa5701861c2c62bfcf69d) Importer(815301076,1909f56bfc062723c751e8b465ee728b)  -> (artifact id: '5badca03b37e05d8db2d7f80e9c28526') in 0.014295 seconds
  Import took 0.016101 seconds .

========================================================================
Received Import Request.
  Time since last request: 0.036693 seconds.
  path: Assets/Scenes/Menu_Scene.unity
  artifactKey: Guid(38d5c6432c1aa5701861c2c62bfcf69d) Importer(815301076,1909f56bfc062723c751e8b465ee728b)
Start importing Assets/Scenes/Menu_Scene.unity using Guid(38d5c6432c1aa5701861c2c62bfcf69d) Importer(815301076,1909f56bfc062723c751e8b465ee728b)  -> (artifact id: '5badca03b37e05d8db2d7f80e9c28526') in 0.001086 seconds
  Import took 0.002576 seconds .

========================================================================
Received Prepare
Registering precompiled user dll's ...
Registered in 0.000284 seconds.
Begin MonoManager ReloadAssembly
Native extension for OSXStandalone target not found
Refreshing native plugins compatible for Editor in 0.21 ms, found 1 plugins.
Preloading 0 native plugins for Editor in 0.00 ms.
Invoked RoslynAnalysisRunner static constructor.
RoslynAnalysisRunner will not be running.
RoslynAnalysisRunner has terminated.
Mono: successfully reloaded assembly
- Completed reload, in  1.552 seconds
Platform modules already initialized, skipping
Refreshing native plugins compatible for Editor in 0.20 ms, found 1 plugins.
Preloading 0 native plugins for Editor in 0.00 ms.
Unloading 1230 Unused Serialized files (Serialized files now loaded: 0)
System memory in use before: 126.9 MB.
System memory in use after: 127.0 MB.

Unloading 4 unused Assets to reduce memory usage. Loaded Objects now: 1710.
Total: 1.113334 ms (FindLiveObjects: 0.107833 ms CreateObjectMapping: 0.025416 ms MarkObjects: 0.964500 ms  DeleteObjects: 0.014334 ms)

